200 {"code":0,"message":"Success","data":{"token":"eyJhbGciOiJIUzUxMiJ9.eyJzdWIiOiI3Mzk3MjQ5MDgzIiwiY2hhdElkIjoiNzM5NzI0OTA4MyIsImlhdCI6MTcyNTM4MTYyOSwiZXhwIjoxNzI3OTczNjI5LCJyb2xlQXV0aG9yaXplcyI6W10sInVzZXJJZCI6MTgzMTAwMDc0MTg1OTE0MzY4MH0.pRbQgquqtv3EDYK4CP7Q6O6rfgBOpWQs_enReMFkbS6fSTMoU_ZKwKhrZoosbucSg4Fzh-q_EyLm_Zo4uBSbag","userAvatar":"https://s3.yescoin.gold/tg-mini-app/2024-09-04/files/20240904-000609-1725379569587.jpg"}}
200 {"code":0,"message":"Success","data":{"gmtFirstInviteDate":null,"gmtModifyDate":null,"firstInviteReward":null,"inviteAmount":0,"totalAmount":166081,"currentAmount":166081,"rank":29026995,"userLevel":2,"userId":"1831000741859143680","levelInfo":{"rankName":"NewBie","level":0}}}
200 {"code":0,"message":"Success","data":{"specialBoxLeftRecoveryCount":3,"coinPoolLeftRecoveryCount":3,"singleCoinValue":1,"singleCoinLevel":0,"singleCoinUpgradeCost":200,"coinPoolRecoverySpeed":2,"coinPoolRecoveryLevel":0,"coinPoolRecoveryUpgradeCost":200,"coinPoolTotalCount":4000,"coinPoolTotalLevel":0,"coinPoolTotalUpgradeCost":200,"swipeBotSpeedValue":"0","swipeBotLevel":0,"swipeBotUpgradeCost":500000,"openSwipeBot":false,"swipeBotModifyDate":null,"recoveryModifyDate":"2024-09-03"}}
200 {"code":0,"message":"Success","data":{"singleCoinValue":1,"coinPoolTotalCount":4000,"coinPoolLeftCount":4000,"coinPoolRecoverySpeed":2,"lastTimeStamp":1725381630}}
200 {"code":0,"message":"Success","data":{"collectAmount":35,"collectStatus":true,"currentAmount":166116,"totalAmount":166116}}
200 {"code":0,"message":"Success","data":{"gmtFirstInviteDate":null,"gmtModifyDate":null,"firstInviteReward":null,"inviteAmount":0,"totalAmount":166116,"currentAmount":166116,"rank":29026995,"userLevel":2,"userId":"1831000741859143680","levelInfo":{"rankName":"NewBie","level":0}}}
200 {"code":0,"message":"Success","data":{"specialBoxLeftRecoveryCount":3,"coinPoolLeftRecoveryCount":3,"singleCoinValue":1,"singleCoinLevel":0,"singleCoinUpgradeCost":200,"coinPoolRecoverySpeed":2,"coinPoolRecoveryLevel":0,"coinPoolRecoveryUpgradeCost":200,"coinPoolTotalCount":4000,"coinPoolTotalLevel":0,"coinPoolTotalUpgradeCost":200,"swipeBotSpeedValue":"0","swipeBotLevel":0,"swipeBotUpgradeCost":500000,"openSwipeBot":false,"swipeBotModifyDate":null,"recoveryModifyDate":"2024-09-03"}}
200 {"code":0,"message":"Success","data":{"singleCoinValue":1,"coinPoolTotalCount":4000,"coinPoolLeftCount":3987,"coinPoolRecoverySpeed":2,"lastTimeStamp":1725381641}}
200 {"code":0,"message":"Success","data":{"collectAmount":50,"collectStatus":true,"currentAmount":166166,"totalAmount":166166}}
200 {"code":0,"message":"Success","data":{"gmtFirstInviteDate":null,"gmtModifyDate":null,"firstInviteReward":null,"inviteAmount":0,"totalAmount":166166,"currentAmount":166166,"rank":29026995,"userLevel":2,"userId":"1831000741859143680","levelInfo":{"rankName":"NewBie","level":0}}}
200 {"code":0,"message":"Success","data":{"specialBoxLeftRecoveryCount":3,"coinPoolLeftRecoveryCount":3,"singleCoinValue":1,"singleCoinLevel":0,"singleCoinUpgradeCost":200,"coinPoolRecoverySpeed":2,"coinPoolRecoveryLevel":0,"coinPoolRecoveryUpgradeCost":200,"coinPoolTotalCount":4000,"coinPoolTotalLevel":0,"coinPoolTotalUpgradeCost":200,"swipeBotSpeedValue":"0","swipeBotLevel":0,"swipeBotUpgradeCost":500000,"openSwipeBot":false,"swipeBotModifyDate":null,"recoveryModifyDate":"2024-09-03"}}
200 {"code":0,"message":"Success","data":{"singleCoinValue":1,"coinPoolTotalCount":4000,"coinPoolLeftCount":3959,"coinPoolRecoverySpeed":2,"lastTimeStamp":1725381652}}
200 {"code":0,"message":"Success","data":{"collectAmount":32,"collectStatus":true,"currentAmount":166198,"totalAmount":166198}}
200 {"code":0,"message":"Success","data":{"gmtFirstInviteDate":null,"gmtModifyDate":null,"firstInviteReward":null,"inviteAmount":0,"totalAmount":166198,"currentAmount":166198,"rank":29026995,"userLevel":2,"userId":"1831000741859143680","levelInfo":{"rankName":"NewBie","level":0}}}
200 {"code":0,"message":"Success","data":{"specialBoxLeftRecoveryCount":3,"coinPoolLeftRecoveryCount":3,"singleCoinValue":1,"singleCoinLevel":0,"singleCoinUpgradeCost":200,"coinPoolRecoverySpeed":2,"coinPoolRecoveryLevel":0,"coinPoolRecoveryUpgradeCost":200,"coinPoolTotalCount":4000,"coinPoolTotalLevel":0,"coinPoolTotalUpgradeCost":200,"swipeBotSpeedValue":"0","swipeBotLevel":0,"swipeBotUpgradeCost":500000,"openSwipeBot":false,"swipeBotModifyDate":null,"recoveryModifyDate":"2024-09-03"}}
200 {"code":0,"message":"Success","data":{"singleCoinValue":1,"coinPoolTotalCount":4000,"coinPoolLeftCount":3949,"coinPoolRecoverySpeed":2,"lastTimeStamp":1725381663}}
200 {"code":0,"message":"Success","data":{"collectAmount":40,"collectStatus":true,"currentAmount":166238,"totalAmount":166238}}
200 {"code":0,"message":"Success","data":{"gmtFirstInviteDate":null,"gmtModifyDate":null,"firstInviteReward":null,"inviteAmount":0,"totalAmount":166238,"currentAmount":166238,"rank":29026995,"userLevel":2,"userId":"1831000741859143680","levelInfo":{"rankName":"NewBie","level":0}}}
200 {"code":0,"message":"Success","data":{"specialBoxLeftRecoveryCount":3,"coinPoolLeftRecoveryCount":3,"singleCoinValue":1,"singleCoinLevel":0,"singleCoinUpgradeCost":200,"coinPoolRecoverySpeed":2,"coinPoolRecoveryLevel":0,"coinPoolRecoveryUpgradeCost":200,"coinPoolTotalCount":4000,"coinPoolTotalLevel":0,"coinPoolTotalUpgradeCost":200,"swipeBotSpeedValue":"0","swipeBotLevel":0,"swipeBotUpgradeCost":500000,"openSwipeBot":false,"swipeBotModifyDate":null,"recoveryModifyDate":"2024-09-03"}}
200 {"code":0,"message":"Success","data":{"singleCoinValue":1,"coinPoolTotalCount":4000,"coinPoolLeftCount":3931,"coinPoolRecoverySpeed":2,"lastTimeStamp":1725381674}}
200 {"code":0,"message":"Success","data":{"collectAmount":44,"collectStatus":true,"currentAmount":166282,"totalAmount":166282}}
200 {"code":0,"message":"Success","data":{"gmtFirstInviteDate":null,"gmtModifyDate":null,"firstInviteReward":null,"inviteAmount":0,"totalAmount":166282,"currentAmount":166282,"rank":29026995,"userLevel":2,"userId":"1831000741859143680","levelInfo":{"rankName":"NewBie","level":0}}}
200 {"code":0,"message":"Success","data":{"specialBoxLeftRecoveryCount":3,"coinPoolLeftRecoveryCount":3,"singleCoinValue":1,"singleCoinLevel":0,"singleCoinUpgradeCost":200,"coinPoolRecoverySpeed":2,"coinPoolRecoveryLevel":0,"coinPoolRecoveryUpgradeCost":200,"coinPoolTotalCount":4000,"coinPoolTotalLevel":0,"coinPoolTotalUpgradeCost":200,"swipeBotSpeedValue":"0","swipeBotLevel":0,"swipeBotUpgradeCost":500000,"openSwipeBot":false,"swipeBotModifyDate":null,"recoveryModifyDate":"2024-09-03"}}
200 {"code":0,"message":"Success","data":{"singleCoinValue":1,"coinPoolTotalCount":4000,"coinPoolLeftCount":3909,"coinPoolRecoverySpeed":2,"lastTimeStamp":1725381685}}
200 {"code":0,"message":"Success","data":{"collectAmount":48,"collectStatus":true,"currentAmount":166330,"totalAmount":166330}}
200 {"code":0,"message":"Success","data":{"gmtFirstInviteDate":null,"gmtModifyDate":null,"firstInviteReward":null,"inviteAmount":0,"totalAmount":166330,"currentAmount":166330,"rank":29026995,"userLevel":2,"userId":"1831000741859143680","levelInfo":{"rankName":"NewBie","level":0}}}
200 {"code":0,"message":"Success","data":{"specialBoxLeftRecoveryCount":3,"coinPoolLeftRecoveryCount":3,"singleCoinValue":1,"singleCoinLevel":0,"singleCoinUpgradeCost":200,"coinPoolRecoverySpeed":2,"coinPoolRecoveryLevel":0,"coinPoolRecoveryUpgradeCost":200,"coinPoolTotalCount":4000,"coinPoolTotalLevel":0,"coinPoolTotalUpgradeCost":200,"swipeBotSpeedValue":"0","swipeBotLevel":0,"swipeBotUpgradeCost":500000,"openSwipeBot":false,"swipeBotModifyDate":null,"recoveryModifyDate":"2024-09-03"}}
200 {"code":0,"message":"Success","data":{"singleCoinValue":1,"coinPoolTotalCount":4000,"coinPoolLeftCount":3883,"coinPoolRecoverySpeed":2,"lastTimeStamp":1725381696}}
200 {"code":0,"message":"Success","data":{"collectAmount":32,"collectStatus":true,"currentAmount":166362,"totalAmount":166362}}
200 {"code":0,"message":"Success","data":{"gmtFirstInviteDate":null,"gmtModifyDate":null,"firstInviteReward":null,"inviteAmount":0,"totalAmount":166362,"currentAmount":166362,"rank":29026995,"userLevel":2,"userId":"1831000741859143680","levelInfo":{"rankName":"NewBie","level":0}}}
200 {"code":0,"message":"Success","data":{"specialBoxLeftRecoveryCount":3,"coinPoolLeftRecoveryCount":3,"singleCoinValue":1,"singleCoinLevel":0,"singleCoinUpgradeCost":200,"coinPoolRecoverySpeed":2,"coinPoolRecoveryLevel":0,"coinPoolRecoveryUpgradeCost":200,"coinPoolTotalCount":4000,"coinPoolTotalLevel":0,"coinPoolTotalUpgradeCost":200,"swipeBotSpeedValue":"0","swipeBotLevel":0,"swipeBotUpgradeCost":500000,"openSwipeBot":false,"swipeBotModifyDate":null,"recoveryModifyDate":"2024-09-03"}}
200 {"code":0,"message":"Success","data":{"singleCoinValue":1,"coinPoolTotalCount":4000,"coinPoolLeftCount":3873,"coinPoolRecoverySpeed":2,"lastTimeStamp":1725381707}}
200 {"code":0,"message":"Success","data":{"collectAmount":49,"collectStatus":true,"currentAmount":166411,"totalAmount":166411}}
200 {"code":0,"message":"Success","data":{"gmtFirstInviteDate":null,"gmtModifyDate":null,"firstInviteReward":null,"inviteAmount":0,"totalAmount":166411,"currentAmount":166411,"rank":29026995,"userLevel":2,"userId":"1831000741859143680","levelInfo":{"rankName":"NewBie","level":0}}}
200 {"code":0,"message":"Success","data":{"specialBoxLeftRecoveryCount":3,"coinPoolLeftRecoveryCount":3,"singleCoinValue":1,"singleCoinLevel":0,"singleCoinUpgradeCost":200,"coinPoolRecoverySpeed":2,"coinPoolRecoveryLevel":0,"coinPoolRecoveryUpgradeCost":200,"coinPoolTotalCount":4000,"coinPoolTotalLevel":0,"coinPoolTotalUpgradeCost":200,"swipeBotSpeedValue":"0","swipeBotLevel":0,"swipeBotUpgradeCost":500000,"openSwipeBot":false,"swipeBotModifyDate":null,"recoveryModifyDate":"2024-09-03"}}
200 {"code":0,"message":"Success","data":{"singleCoinValue":1,"coinPoolTotalCount":4000,"coinPoolLeftCount":3846,"coinPoolRecoverySpeed":2,"lastTimeStamp":1725381718}}
200 {"code":0,"message":"Success","data":{"collectAmount":32,"collectStatus":true,"currentAmount":166443,"totalAmount":166443}}
200 {"code":0,"message":"Success","data":{"gmtFirstInviteDate":null,"gmtModifyDate":null,"firstInviteReward":null,"inviteAmount":0,"totalAmount":166443,"currentAmount":166443,"rank":29026995,"userLevel":2,"userId":"1831000741859143680","levelInfo":{"rankName":"NewBie","level":0}}}
200 {"code":0,"message":"Success","data":{"specialBoxLeftRecoveryCount":3,"coinPoolLeftRecoveryCount":3,"singleCoinValue":1,"singleCoinLevel":0,"singleCoinUpgradeCost":200,"coinPoolRecoverySpeed":2,"coinPoolRecoveryLevel":0,"coinPoolRecoveryUpgradeCost":200,"coinPoolTotalCount":4000,"coinPoolTotalLevel":0,"coinPoolTotalUpgradeCost":200,"swipeBotSpeedValue":"0","swipeBotLevel":0,"swipeBotUpgradeCost":500000,"openSwipeBot":false,"swipeBotModifyDate":null,"recoveryModifyDate":"2024-09-03"}}
200 {"code":0,"message":"Success","data":{"singleCoinValue":1,"coinPoolTotalCount":4000,"coinPoolLeftCount":3836,"coinPoolRecoverySpeed":2,"lastTimeStamp":1725381729}}
200 {"code":0,"message":"Success","data":{"collectAmount":49,"collectStatus":true,"currentAmount":166492,"totalAmount":166492}}
200 {"code":0,"message":"Success","data":{"gmtFirstInviteDate":null,"gmtModifyDate":null,"firstInviteReward":null,"inviteAmount":0,"totalAmount":166492,"currentAmount":166492,"rank":29026995,"userLevel":2,"userId":"1831000741859143680","levelInfo":{"rankName":"NewBie","level":0}}}
200 {"code":0,"message":"Success","data":{"specialBoxLeftRecoveryCount":3,"coinPoolLeftRecoveryCount":3,"singleCoinValue":1,"singleCoinLevel":0,"singleCoinUpgradeCost":200,"coinPoolRecoverySpeed":2,"coinPoolRecoveryLevel":0,"coinPoolRecoveryUpgradeCost":200,"coinPoolTotalCount":4000,"coinPoolTotalLevel":0,"coinPoolTotalUpgradeCost":200,"swipeBotSpeedValue":"0","swipeBotLevel":0,"swipeBotUpgradeCost":500000,"openSwipeBot":false,"swipeBotModifyDate":null,"recoveryModifyDate":"2024-09-03"}}
200 {"code":0,"message":"Success","data":{"singleCoinValue":1,"coinPoolTotalCount":4000,"coinPoolLeftCount":3809,"coinPoolRecoverySpeed":2,"lastTimeStamp":1725381740}}
200 {"code":0,"message":"Success","data":{"collectAmount":34,"collectStatus":true,"currentAmount":166526,"totalAmount":166526}}
200 {"code":0,"message":"Success","data":{"gmtFirstInviteDate":null,"gmtModifyDate":null,"firstInviteReward":null,"inviteAmount":0,"totalAmount":166526,"currentAmount":166526,"rank":29026995,"userLevel":2,"userId":"1831000741859143680","levelInfo":{"rankName":"NewBie","level":0}}}
200 {"code":0,"message":"Success","data":{"specialBoxLeftRecoveryCount":3,"coinPoolLeftRecoveryCount":3,"singleCoinValue":1,"singleCoinLevel":0,"singleCoinUpgradeCost":200,"coinPoolRecoverySpeed":2,"coinPoolRecoveryLevel":0,"coinPoolRecoveryUpgradeCost":200,"coinPoolTotalCount":4000,"coinPoolTotalLevel":0,"coinPoolTotalUpgradeCost":200,"swipeBotSpeedValue":"0","swipeBotLevel":0,"swipeBotUpgradeCost":500000,"openSwipeBot":false,"swipeBotModifyDate":null,"recoveryModifyDate":"2024-09-03"}}
200 {"code":0,"message":"Success","data":{"singleCoinValue":1,"coinPoolTotalCount":4000,"coinPoolLeftCount":3797,"coinPoolRecoverySpeed":2,"lastTimeStamp":1725381751}}
200 {"code":0,"message":"Success","data":{"collectAmount":49,"collectStatus":true,"currentAmount":166575,"totalAmount":166575}}
200 {"code":0,"message":"Success","data":{"gmtFirstInviteDate":null,"gmtModifyDate":null,"firstInviteReward":null,"inviteAmount":0,"totalAmount":166575,"currentAmount":166575,"rank":29026995,"userLevel":2,"userId":"1831000741859143680","levelInfo":{"rankName":"NewBie","level":0}}}
200 {"code":0,"message":"Success","data":{"specialBoxLeftRecoveryCount":3,"coinPoolLeftRecoveryCount":3,"singleCoinValue":1,"singleCoinLevel":0,"singleCoinUpgradeCost":200,"coinPoolRecoverySpeed":2,"coinPoolRecoveryLevel":0,"coinPoolRecoveryUpgradeCost":200,"coinPoolTotalCount":4000,"coinPoolTotalLevel":0,"coinPoolTotalUpgradeCost":200,"swipeBotSpeedValue":"0","swipeBotLevel":0,"swipeBotUpgradeCost":500000,"openSwipeBot":false,"swipeBotModifyDate":null,"recoveryModifyDate":"2024-09-03"}}
200 {"code":0,"message":"Success","data":{"singleCoinValue":1,"coinPoolTotalCount":4000,"coinPoolLeftCount":3770,"coinPoolRecoverySpeed":2,"lastTimeStamp":1725381762}}
200 {"code":0,"message":"Success","data":{"collectAmount":32,"collectStatus":true,"currentAmount":166607,"totalAmount":166607}}
200 {"code":0,"message":"Success","data":{"gmtFirstInviteDate":null,"gmtModifyDate":null,"firstInviteReward":null,"inviteAmount":0,"totalAmount":166607,"currentAmount":166607,"rank":29026995,"userLevel":2,"userId":"1831000741859143680","levelInfo":{"rankName":"NewBie","level":0}}}
200 {"code":0,"message":"Success","data":{"specialBoxLeftRecoveryCount":3,"coinPoolLeftRecoveryCount":3,"singleCoinValue":1,"singleCoinLevel":0,"singleCoinUpgradeCost":200,"coinPoolRecoverySpeed":2,"coinPoolRecoveryLevel":0,"coinPoolRecoveryUpgradeCost":200,"coinPoolTotalCount":4000,"coinPoolTotalLevel":0,"coinPoolTotalUpgradeCost":200,"swipeBotSpeedValue":"0","swipeBotLevel":0,"swipeBotUpgradeCost":500000,"openSwipeBot":false,"swipeBotModifyDate":null,"recoveryModifyDate":"2024-09-03"}}
200 {"code":0,"message":"Success","data":{"singleCoinValue":1,"coinPoolTotalCount":4000,"coinPoolLeftCount":3760,"coinPoolRecoverySpeed":2,"lastTimeStamp":1725381773}}
200 {"code":0,"message":"Success","data":{"collectAmount":36,"collectStatus":true,"currentAmount":166643,"totalAmount":166643}}
200 {"code":0,"message":"Success","data":{"gmtFirstInviteDate":null,"gmtModifyDate":null,"firstInviteReward":null,"inviteAmount":0,"totalAmount":166643,"currentAmount":166643,"rank":29026995,"userLevel":2,"userId":"1831000741859143680","levelInfo":{"rankName":"NewBie","level":0}}}
200 {"code":0,"message":"Success","data":{"specialBoxLeftRecoveryCount":3,"coinPoolLeftRecoveryCount":3,"singleCoinValue":1,"singleCoinLevel":0,"singleCoinUpgradeCost":200,"coinPoolRecoverySpeed":2,"coinPoolRecoveryLevel":0,"coinPoolRecoveryUpgradeCost":200,"coinPoolTotalCount":4000,"coinPoolTotalLevel":0,"coinPoolTotalUpgradeCost":200,"swipeBotSpeedValue":"0","swipeBotLevel":0,"swipeBotUpgradeCost":500000,"openSwipeBot":false,"swipeBotModifyDate":null,"recoveryModifyDate":"2024-09-03"}}
200 {"code":0,"message":"Success","data":{"singleCoinValue":1,"coinPoolTotalCount":4000,"coinPoolLeftCount":3746,"coinPoolRecoverySpeed":2,"lastTimeStamp":1725381784}}
200 {"code":0,"message":"Success","data":{"collectAmount":36,"collectStatus":true,"currentAmount":166679,"totalAmount":166679}}
200 {"code":0,"message":"Success","data":{"gmtFirstInviteDate":null,"gmtModifyDate":null,"firstInviteReward":null,"inviteAmount":0,"totalAmount":166679,"currentAmount":166679,"rank":29026995,"userLevel":2,"userId":"1831000741859143680","levelInfo":{"rankName":"NewBie","level":0}}}
200 {"code":0,"message":"Success","data":{"specialBoxLeftRecoveryCount":3,"coinPoolLeftRecoveryCount":3,"singleCoinValue":1,"singleCoinLevel":0,"singleCoinUpgradeCost":200,"coinPoolRecoverySpeed":2,"coinPoolRecoveryLevel":0,"coinPoolRecoveryUpgradeCost":200,"coinPoolTotalCount":4000,"coinPoolTotalLevel":0,"coinPoolTotalUpgradeCost":200,"swipeBotSpeedValue":"0","swipeBotLevel":0,"swipeBotUpgradeCost":500000,"openSwipeBot":false,"swipeBotModifyDate":null,"recoveryModifyDate":"2024-09-03"}}
200 {"code":0,"message":"Success","data":{"singleCoinValue":1,"coinPoolTotalCount":4000,"coinPoolLeftCount":3974,"coinPoolRecoverySpeed":2,"lastTimeStamp":1725381916}}
200 {"code":0,"message":"Success","data":{"collectAmount":38,"collectStatus":true,"currentAmount":166717,"totalAmount":166717}}
200 {"code":0,"message":"Success","data":{"gmtFirstInviteDate":null,"gmtModifyDate":null,"firstInviteReward":null,"inviteAmount":0,"totalAmount":166717,"currentAmount":166717,"rank":29026995,"userLevel":2,"userId":"1831000741859143680","levelInfo":{"rankName":"NewBie","level":0}}}
200 {"code":0,"message":"Success","data":{"specialBoxLeftRecoveryCount":3,"coinPoolLeftRecoveryCount":3,"singleCoinValue":1,"singleCoinLevel":0,"singleCoinUpgradeCost":200,"coinPoolRecoverySpeed":2,"coinPoolRecoveryLevel":0,"coinPoolRecoveryUpgradeCost":200,"coinPoolTotalCount":4000,"coinPoolTotalLevel":0,"coinPoolTotalUpgradeCost":200,"swipeBotSpeedValue":"0","swipeBotLevel":0,"swipeBotUpgradeCost":500000,"openSwipeBot":false,"swipeBotModifyDate":null,"recoveryModifyDate":"2024-09-03"}}
200 {"code":0,"message":"Success","data":{"singleCoinValue":1,"coinPoolTotalCount":4000,"coinPoolLeftCount":3958,"coinPoolRecoverySpeed":2,"lastTimeStamp":1725381927}}
200 {"code":0,"message":"Success","data":{"collectAmount":49,"collectStatus":true,"currentAmount":166766,"totalAmount":166766}}
200 {"code":0,"message":"Success","data":{"gmtFirstInviteDate":null,"gmtModifyDate":null,"firstInviteReward":null,"inviteAmount":0,"totalAmount":166766,"currentAmount":166766,"rank":29026995,"userLevel":2,"userId":"1831000741859143680","levelInfo":{"rankName":"NewBie","level":0}}}
200 {"code":0,"message":"Success","data":{"specialBoxLeftRecoveryCount":3,"coinPoolLeftRecoveryCount":3,"singleCoinValue":1,"singleCoinLevel":0,"singleCoinUpgradeCost":200,"coinPoolRecoverySpeed":2,"coinPoolRecoveryLevel":0,"coinPoolRecoveryUpgradeCost":200,"coinPoolTotalCount":4000,"coinPoolTotalLevel":0,"coinPoolTotalUpgradeCost":200,"swipeBotSpeedValue":"0","swipeBotLevel":0,"swipeBotUpgradeCost":500000,"openSwipeBot":false,"swipeBotModifyDate":null,"recoveryModifyDate":"2024-09-03"}}
200 {"code":0,"message":"Success","data":{"singleCoinValue":1,"coinPoolTotalCount":4000,"coinPoolLeftCount":3931,"coinPoolRecoverySpeed":2,"lastTimeStamp":1725381938}}
200 {"code":0,"message":"Success","data":{"collectAmount":44,"collectStatus":true,"currentAmount":166810,"totalAmount":166810}}
200 {"code":0,"message":"Success","data":{"gmtFirstInviteDate":null,"gmtModifyDate":null,"firstInviteReward":null,"inviteAmount":0,"totalAmount":166810,"currentAmount":166810,"rank":29026995,"userLevel":2,"userId":"1831000741859143680","levelInfo":{"rankName":"NewBie","level":0}}}
200 {"code":0,"message":"Success","data":{"specialBoxLeftRecoveryCount":3,"coinPoolLeftRecoveryCount":3,"singleCoinValue":1,"singleCoinLevel":0,"singleCoinUpgradeCost":200,"coinPoolRecoverySpeed":2,"coinPoolRecoveryLevel":0,"coinPoolRecoveryUpgradeCost":200,"coinPoolTotalCount":4000,"coinPoolTotalLevel":0,"coinPoolTotalUpgradeCost":200,"swipeBotSpeedValue":"0","swipeBotLevel":0,"swipeBotUpgradeCost":500000,"openSwipeBot":false,"swipeBotModifyDate":null,"recoveryModifyDate":"2024-09-03"}}
200 {"code":0,"message":"Success","data":{"singleCoinValue":1,"coinPoolTotalCount":4000,"coinPoolLeftCount":3909,"coinPoolRecoverySpeed":2,"lastTimeStamp":1725381949}}
200 {"code":0,"message":"Success","data":{"collectAmount":50,"collectStatus":true,"currentAmount":166860,"totalAmount":166860}}
200 {"code":0,"message":"Success","data":{"gmtFirstInviteDate":null,"gmtModifyDate":null,"firstInviteReward":null,"inviteAmount":0,"totalAmount":166860,"currentAmount":166860,"rank":29026995,"userLevel":2,"userId":"1831000741859143680","levelInfo":{"rankName":"NewBie","level":0}}}
200 {"code":0,"message":"Success","data":{"specialBoxLeftRecoveryCount":3,"coinPoolLeftRecoveryCount":3,"singleCoinValue":1,"singleCoinLevel":0,"singleCoinUpgradeCost":200,"coinPoolRecoverySpeed":2,"coinPoolRecoveryLevel":0,"coinPoolRecoveryUpgradeCost":200,"coinPoolTotalCount":4000,"coinPoolTotalLevel":0,"coinPoolTotalUpgradeCost":200,"swipeBotSpeedValue":"0","swipeBotLevel":0,"swipeBotUpgradeCost":500000,"openSwipeBot":false,"swipeBotModifyDate":null,"recoveryModifyDate":"2024-09-03"}}
200 {"code":0,"message":"Success","data":{"singleCoinValue":1,"coinPoolTotalCount":4000,"coinPoolLeftCount":3929,"coinPoolRecoverySpeed":2,"lastTimeStamp":1725381984}}
200 {"code":0,"message":"Success","data":{"collectAmount":39,"collectStatus":true,"currentAmount":166899,"totalAmount":166899}}
200 {"code":0,"message":"Success","data":{"gmtFirstInviteDate":null,"gmtModifyDate":null,"firstInviteReward":null,"inviteAmount":0,"totalAmount":166899,"currentAmount":166899,"rank":29026995,"userLevel":2,"userId":"1831000741859143680","levelInfo":{"rankName":"NewBie","level":0}}}
200 {"code":0,"message":"Success","data":{"specialBoxLeftRecoveryCount":3,"coinPoolLeftRecoveryCount":3,"singleCoinValue":1,"singleCoinLevel":0,"singleCoinUpgradeCost":200,"coinPoolRecoverySpeed":2,"coinPoolRecoveryLevel":0,"coinPoolRecoveryUpgradeCost":200,"coinPoolTotalCount":4000,"coinPoolTotalLevel":0,"coinPoolTotalUpgradeCost":200,"swipeBotSpeedValue":"0","swipeBotLevel":0,"swipeBotUpgradeCost":500000,"openSwipeBot":false,"swipeBotModifyDate":null,"recoveryModifyDate":"2024-09-03"}}
200 {"code":0,"message":"Success","data":{"singleCoinValue":1,"coinPoolTotalCount":4000,"coinPoolLeftCount":3912,"coinPoolRecoverySpeed":2,"lastTimeStamp":1725381995}}
200 {"code":0,"message":"Success","data":{"collectAmount":33,"collectStatus":true,"currentAmount":166932,"totalAmount":166932}}
200 {"code":0,"message":"Success","data":{"gmtFirstInviteDate":null,"gmtModifyDate":null,"firstInviteReward":null,"inviteAmount":0,"totalAmount":166932,"currentAmount":166932,"rank":29026995,"userLevel":2,"userId":"1831000741859143680","levelInfo":{"rankName":"NewBie","level":0}}}
200 {"code":0,"message":"Success","data":{"specialBoxLeftRecoveryCount":3,"coinPoolLeftRecoveryCount":3,"singleCoinValue":1,"singleCoinLevel":0,"singleCoinUpgradeCost":200,"coinPoolRecoverySpeed":2,"coinPoolRecoveryLevel":0,"coinPoolRecoveryUpgradeCost":200,"coinPoolTotalCount":4000,"coinPoolTotalLevel":0,"coinPoolTotalUpgradeCost":200,"swipeBotSpeedValue":"0","swipeBotLevel":0,"swipeBotUpgradeCost":500000,"openSwipeBot":false,"swipeBotModifyDate":null,"recoveryModifyDate":"2024-09-03"}}
200 {"code":0,"message":"Success","data":{"singleCoinValue":1,"coinPoolTotalCount":4000,"coinPoolLeftCount":3901,"coinPoolRecoverySpeed":2,"lastTimeStamp":1725382006}}
200 {"code":0,"message":"Success","data":{"collectAmount":34,"collectStatus":true,"currentAmount":166966,"totalAmount":166966}}
200 {"code":0,"message":"Success","data":{"gmtFirstInviteDate":null,"gmtModifyDate":null,"firstInviteReward":null,"inviteAmount":0,"totalAmount":166966,"currentAmount":166966,"rank":29026995,"userLevel":2,"userId":"1831000741859143680","levelInfo":{"rankName":"NewBie","level":0}}}
200 {"code":0,"message":"Success","data":{"specialBoxLeftRecoveryCount":3,"coinPoolLeftRecoveryCount":3,"singleCoinValue":1,"singleCoinLevel":0,"singleCoinUpgradeCost":200,"coinPoolRecoverySpeed":2,"coinPoolRecoveryLevel":0,"coinPoolRecoveryUpgradeCost":200,"coinPoolTotalCount":4000,"coinPoolTotalLevel":0,"coinPoolTotalUpgradeCost":200,"swipeBotSpeedValue":"0","swipeBotLevel":0,"swipeBotUpgradeCost":500000,"openSwipeBot":false,"swipeBotModifyDate":null,"recoveryModifyDate":"2024-09-03"}}
200 {"code":0,"message":"Success","data":{"singleCoinValue":1,"coinPoolTotalCount":4000,"coinPoolLeftCount":3889,"coinPoolRecoverySpeed":2,"lastTimeStamp":1725382017}}
200 {"code":0,"message":"Success","data":{"collectAmount":35,"collectStatus":true,"currentAmount":167001,"totalAmount":167001}}
200 {"code":0,"message":"Success","data":{"token":"eyJhbGciOiJIUzUxMiJ9.eyJzdWIiOiI1MTI2NzQwMDM5IiwiY2hhdElkIjoiNTEyNjc0MDAzOSIsImlhdCI6MTcyNzEwNjgwMiwiZXhwIjoxNzI5Njk4ODAyLCJyb2xlQXV0aG9yaXplcyI6W10sInVzZXJJZCI6MTgyOTg2OTU1NTQ3NTQ1MTkwNH0.CvyqoHH3w97c4xGn9bUutfs34S-o9NeXEAlueOEKlU0lUr10rhLEyk5yj9bm-P449aunisCm8L6uygmWbelDig","userAvatar":"https://s3.yescoin.gold/tg-mini-app/default-avatar.jpeg"}}
200 {"code":0,"message":"Success","data":{"gmtFirstInviteDate":null,"gmtModifyDate":null,"firstInviteReward":null,"inviteAmount":0,"totalAmount":188498,"currentAmount":188498,"rank":20076467,"userLevel":2,"userId":"1829869555475451904","levelInfo":{"rankName":"NewBie","level":0}}}
200 {"code":0,"message":"Success","data":{"specialBoxLeftRecoveryCount":3,"coinPoolLeftRecoveryCount":3,"singleCoinValue":1,"singleCoinLevel":0,"singleCoinUpgradeCost":200,"coinPoolRecoverySpeed":2,"coinPoolRecoveryLevel":0,"coinPoolRecoveryUpgradeCost":200,"coinPoolTotalCount":4000,"coinPoolTotalLevel":0,"coinPoolTotalUpgradeCost":200,"swipeBotSpeedValue":"0","swipeBotLevel":0,"swipeBotUpgradeCost":500000,"openSwipeBot":false,"swipeBotModifyDate":null,"recoveryModifyDate":"2024-09-23"}}
200 {"code":0,"message":"Success","data":{"singleCoinValue":1,"coinPoolTotalCount":4000,"coinPoolLeftCount":4000,"coinPoolRecoverySpeed":2,"lastTimeStamp":1727106803}}
200 {"code":0,"message":"Success","data":{"collectAmount":30,"collectStatus":true,"currentAmount":188528,"totalAmount":188528}}
200 {"code":0,"message":"Success","data":{"gmtFirstInviteDate":null,"gmtModifyDate":null,"firstInviteReward":null,"inviteAmount":0,"totalAmount":188528,"currentAmount":188528,"rank":20076467,"userLevel":2,"userId":"1829869555475451904","levelInfo":{"rankName":"NewBie","level":0}}}
200 {"code":0,"message":"Success","data":{"specialBoxLeftRecoveryCount":3,"coinPoolLeftRecoveryCount":3,"singleCoinValue":1,"singleCoinLevel":0,"singleCoinUpgradeCost":200,"coinPoolRecoverySpeed":2,"coinPoolRecoveryLevel":0,"coinPoolRecoveryUpgradeCost":200,"coinPoolTotalCount":4000,"coinPoolTotalLevel":0,"coinPoolTotalUpgradeCost":200,"swipeBotSpeedValue":"0","swipeBotLevel":0,"swipeBotUpgradeCost":500000,"openSwipeBot":false,"swipeBotModifyDate":null,"recoveryModifyDate":"2024-09-23"}}
200 {"code":0,"message":"Success","data":{"singleCoinValue":1,"coinPoolTotalCount":4000,"coinPoolLeftCount":3994,"coinPoolRecoverySpeed":2,"lastTimeStamp":1727106815}}
200 {"code":0,"message":"Success","data":{"collectAmount":38,"collectStatus":true,"currentAmount":188566,"totalAmount":188566}}
200 {"code":0,"message":"Success","data":{"gmtFirstInviteDate":null,"gmtModifyDate":null,"firstInviteReward":null,"inviteAmount":0,"totalAmount":188566,"currentAmount":188566,"rank":20076467,"userLevel":2,"userId":"1829869555475451904","levelInfo":{"rankName":"NewBie","level":0}}}
200 {"code":0,"message":"Success","data":{"specialBoxLeftRecoveryCount":3,"coinPoolLeftRecoveryCount":3,"singleCoinValue":1,"singleCoinLevel":0,"singleCoinUpgradeCost":200,"coinPoolRecoverySpeed":2,"coinPoolRecoveryLevel":0,"coinPoolRecoveryUpgradeCost":200,"coinPoolTotalCount":4000,"coinPoolTotalLevel":0,"coinPoolTotalUpgradeCost":200,"swipeBotSpeedValue":"0","swipeBotLevel":0,"swipeBotUpgradeCost":500000,"openSwipeBot":false,"swipeBotModifyDate":null,"recoveryModifyDate":"2024-09-23"}}
200 {"code":0,"message":"Success","data":{"singleCoinValue":1,"coinPoolTotalCount":4000,"coinPoolLeftCount":3980,"coinPoolRecoverySpeed":2,"lastTimeStamp":1727106827}}
200 {"code":0,"message":"Success","data":{"collectAmount":33,"collectStatus":true,"currentAmount":188599,"totalAmount":188599}}
200 {"code":0,"message":"Success","data":{"gmtFirstInviteDate":null,"gmtModifyDate":null,"firstInviteReward":null,"inviteAmount":0,"totalAmount":188599,"currentAmount":188599,"rank":20076467,"userLevel":2,"userId":"1829869555475451904","levelInfo":{"rankName":"NewBie","level":0}}}
200 {"code":0,"message":"Success","data":{"specialBoxLeftRecoveryCount":3,"coinPoolLeftRecoveryCount":3,"singleCoinValue":1,"singleCoinLevel":0,"singleCoinUpgradeCost":200,"coinPoolRecoverySpeed":2,"coinPoolRecoveryLevel":0,"coinPoolRecoveryUpgradeCost":200,"coinPoolTotalCount":4000,"coinPoolTotalLevel":0,"coinPoolTotalUpgradeCost":200,"swipeBotSpeedValue":"0","swipeBotLevel":0,"swipeBotUpgradeCost":500000,"openSwipeBot":false,"swipeBotModifyDate":null,"recoveryModifyDate":"2024-09-23"}}
200 {"code":0,"message":"Success","data":{"singleCoinValue":1,"coinPoolTotalCount":4000,"coinPoolLeftCount":4000,"coinPoolRecoverySpeed":2,"lastTimeStamp":1727106959}}
200 {"code":0,"message":"Success","data":{"collectAmount":41,"collectStatus":true,"currentAmount":188640,"totalAmount":188640}}
200 {"code":0,"message":"Success","data":{"gmtFirstInviteDate":null,"gmtModifyDate":null,"firstInviteReward":null,"inviteAmount":0,"totalAmount":188640,"currentAmount":188640,"rank":20076467,"userLevel":2,"userId":"1829869555475451904","levelInfo":{"rankName":"NewBie","level":0}}}
200 {"code":0,"message":"Success","data":{"specialBoxLeftRecoveryCount":3,"coinPoolLeftRecoveryCount":3,"singleCoinValue":1,"singleCoinLevel":0,"singleCoinUpgradeCost":200,"coinPoolRecoverySpeed":2,"coinPoolRecoveryLevel":0,"coinPoolRecoveryUpgradeCost":200,"coinPoolTotalCount":4000,"coinPoolTotalLevel":0,"coinPoolTotalUpgradeCost":200,"swipeBotSpeedValue":"0","swipeBotLevel":0,"swipeBotUpgradeCost":500000,"openSwipeBot":false,"swipeBotModifyDate":null,"recoveryModifyDate":"2024-09-23"}}
200 {"code":0,"message":"Success","data":{"singleCoinValue":1,"coinPoolTotalCount":4000,"coinPoolLeftCount":3961,"coinPoolRecoverySpeed":2,"lastTimeStamp":1727106960}}
200 {"code":400037,"message":"get lock failed","data":null}
200 {"code":0,"message":"Success","data":{"gmtFirstInviteDate":null,"gmtModifyDate":null,"firstInviteReward":null,"inviteAmount":0,"totalAmount":188640,"currentAmount":188640,"rank":20076467,"userLevel":2,"userId":"1829869555475451904","levelInfo":{"rankName":"NewBie","level":0}}}
200 {"code":0,"message":"Success","data":{"specialBoxLeftRecoveryCount":3,"coinPoolLeftRecoveryCount":3,"singleCoinValue":1,"singleCoinLevel":0,"singleCoinUpgradeCost":200,"coinPoolRecoverySpeed":2,"coinPoolRecoveryLevel":0,"coinPoolRecoveryUpgradeCost":200,"coinPoolTotalCount":4000,"coinPoolTotalLevel":0,"coinPoolTotalUpgradeCost":200,"swipeBotSpeedValue":"0","swipeBotLevel":0,"swipeBotUpgradeCost":500000,"openSwipeBot":false,"swipeBotModifyDate":null,"recoveryModifyDate":"2024-09-23"}}
200 {"code":0,"message":"Success","data":{"singleCoinValue":1,"coinPoolTotalCount":4000,"coinPoolLeftCount":3963,"coinPoolRecoverySpeed":2,"lastTimeStamp":1727106961}}
200 {"code":400037,"message":"get lock failed","data":null}
200 {"code":0,"message":"Success","data":{"gmtFirstInviteDate":null,"gmtModifyDate":null,"firstInviteReward":null,"inviteAmount":0,"totalAmount":188640,"currentAmount":188640,"rank":20076467,"userLevel":2,"userId":"1829869555475451904","levelInfo":{"rankName":"NewBie","level":0}}}
200 {"code":0,"message":"Success","data":{"specialBoxLeftRecoveryCount":3,"coinPoolLeftRecoveryCount":3,"singleCoinValue":1,"singleCoinLevel":0,"singleCoinUpgradeCost":200,"coinPoolRecoverySpeed":2,"coinPoolRecoveryLevel":0,"coinPoolRecoveryUpgradeCost":200,"coinPoolTotalCount":4000,"coinPoolTotalLevel":0,"coinPoolTotalUpgradeCost":200,"swipeBotSpeedValue":"0","swipeBotLevel":0,"swipeBotUpgradeCost":500000,"openSwipeBot":false,"swipeBotModifyDate":null,"recoveryModifyDate":"2024-09-23"}}
200 {"code":0,"message":"Success","data":{"singleCoinValue":1,"coinPoolTotalCount":4000,"coinPoolLeftCount":3967,"coinPoolRecoverySpeed":2,"lastTimeStamp":1727106963}}
200 {"code":400037,"message":"get lock failed","data":null}
200 {"code":0,"message":"Success","data":{"gmtFirstInviteDate":null,"gmtModifyDate":null,"firstInviteReward":null,"inviteAmount":0,"totalAmount":188640,"currentAmount":188640,"rank":20076467,"userLevel":2,"userId":"1829869555475451904","levelInfo":{"rankName":"NewBie","level":0}}}
200 {"code":0,"message":"Success","data":{"specialBoxLeftRecoveryCount":3,"coinPoolLeftRecoveryCount":3,"singleCoinValue":1,"singleCoinLevel":0,"singleCoinUpgradeCost":200,"coinPoolRecoverySpeed":2,"coinPoolRecoveryLevel":0,"coinPoolRecoveryUpgradeCost":200,"coinPoolTotalCount":4000,"coinPoolTotalLevel":0,"coinPoolTotalUpgradeCost":200,"swipeBotSpeedValue":"0","swipeBotLevel":0,"swipeBotUpgradeCost":500000,"openSwipeBot":false,"swipeBotModifyDate":null,"recoveryModifyDate":"2024-09-23"}}
200 {"code":0,"message":"Success","data":{"singleCoinValue":1,"coinPoolTotalCount":4000,"coinPoolLeftCount":3969,"coinPoolRecoverySpeed":2,"lastTimeStamp":1727106964}}
200 {"code":0,"message":"Success","data":{"collectAmount":48,"collectStatus":true,"currentAmount":188688,"totalAmount":188688}}
200 {"code":0,"message":"Success","data":{"gmtFirstInviteDate":null,"gmtModifyDate":null,"firstInviteReward":null,"inviteAmount":0,"totalAmount":188688,"currentAmount":188688,"rank":20076467,"userLevel":2,"userId":"1829869555475451904","levelInfo":{"rankName":"NewBie","level":0}}}
200 {"code":0,"message":"Success","data":{"specialBoxLeftRecoveryCount":3,"coinPoolLeftRecoveryCount":3,"singleCoinValue":1,"singleCoinLevel":0,"singleCoinUpgradeCost":200,"coinPoolRecoverySpeed":2,"coinPoolRecoveryLevel":0,"coinPoolRecoveryUpgradeCost":200,"coinPoolTotalCount":4000,"coinPoolTotalLevel":0,"coinPoolTotalUpgradeCost":200,"swipeBotSpeedValue":"0","swipeBotLevel":0,"swipeBotUpgradeCost":500000,"openSwipeBot":false,"swipeBotModifyDate":null,"recoveryModifyDate":"2024-09-23"}}
200 {"code":0,"message":"Success","data":{"singleCoinValue":1,"coinPoolTotalCount":4000,"coinPoolLeftCount":3925,"coinPoolRecoverySpeed":2,"lastTimeStamp":1727106966}}
200 {"code":400037,"message":"get lock failed","data":null}
200 {"code":0,"message":"Success","data":{"gmtFirstInviteDate":null,"gmtModifyDate":null,"firstInviteReward":null,"inviteAmount":0,"totalAmount":188688,"currentAmount":188688,"rank":20076467,"userLevel":2,"userId":"1829869555475451904","levelInfo":{"rankName":"NewBie","level":0}}}
200 {"code":0,"message":"Success","data":{"specialBoxLeftRecoveryCount":3,"coinPoolLeftRecoveryCount":3,"singleCoinValue":1,"singleCoinLevel":0,"singleCoinUpgradeCost":200,"coinPoolRecoverySpeed":2,"coinPoolRecoveryLevel":0,"coinPoolRecoveryUpgradeCost":200,"coinPoolTotalCount":4000,"coinPoolTotalLevel":0,"coinPoolTotalUpgradeCost":200,"swipeBotSpeedValue":"0","swipeBotLevel":0,"swipeBotUpgradeCost":500000,"openSwipeBot":false,"swipeBotModifyDate":null,"recoveryModifyDate":"2024-09-23"}}
200 {"code":0,"message":"Success","data":{"singleCoinValue":1,"coinPoolTotalCount":4000,"coinPoolLeftCount":3927,"coinPoolRecoverySpeed":2,"lastTimeStamp":1727106967}}
200 {"code":0,"message":"Success","data":{"gmtFirstInviteDate":null,"gmtModifyDate":null,"firstInviteReward":null,"inviteAmount":0,"totalAmount":188688,"currentAmount":188688,"rank":20076467,"userLevel":2,"userId":"1829869555475451904","levelInfo":{"rankName":"NewBie","level":0}}}
200 {"code":0,"message":"Success","data":{"specialBoxLeftRecoveryCount":3,"coinPoolLeftRecoveryCount":3,"singleCoinValue":1,"singleCoinLevel":0,"singleCoinUpgradeCost":200,"coinPoolRecoverySpeed":2,"coinPoolRecoveryLevel":0,"coinPoolRecoveryUpgradeCost":200,"coinPoolTotalCount":4000,"coinPoolTotalLevel":0,"coinPoolTotalUpgradeCost":200,"swipeBotSpeedValue":"0","swipeBotLevel":0,"swipeBotUpgradeCost":500000,"openSwipeBot":false,"swipeBotModifyDate":null,"recoveryModifyDate":"2024-09-23"}}
200 {"code":0,"message":"Success","data":{"singleCoinValue":1,"coinPoolTotalCount":4000,"coinPoolLeftCount":4000,"coinPoolRecoverySpeed":2,"lastTimeStamp":1727107319}}
200 {"code":0,"message":"Success","data":{"collectAmount":3342,"collectStatus":true,"currentAmount":192030,"totalAmount":192030}}
200 {"code":0,"message":"Success","data":{"gmtFirstInviteDate":null,"gmtModifyDate":null,"firstInviteReward":null,"inviteAmount":0,"totalAmount":192030,"currentAmount":192030,"rank":20076467,"userLevel":2,"userId":"1829869555475451904","levelInfo":{"rankName":"NewBie","level":0}}}
200 {"code":0,"message":"Success","data":{"specialBoxLeftRecoveryCount":3,"coinPoolLeftRecoveryCount":3,"singleCoinValue":1,"singleCoinLevel":0,"singleCoinUpgradeCost":200,"coinPoolRecoverySpeed":2,"coinPoolRecoveryLevel":0,"coinPoolRecoveryUpgradeCost":200,"coinPoolTotalCount":4000,"coinPoolTotalLevel":0,"coinPoolTotalUpgradeCost":200,"swipeBotSpeedValue":"0","swipeBotLevel":0,"swipeBotUpgradeCost":500000,"openSwipeBot":false,"swipeBotModifyDate":null,"recoveryModifyDate":"2024-09-23"}}
200 {"code":0,"message":"Success","data":{"singleCoinValue":1,"coinPoolTotalCount":4000,"coinPoolLeftCount":670,"coinPoolRecoverySpeed":2,"lastTimeStamp":1727107325}}
200 {"code":0,"message":"Success","data":true}
200 {"code":0,"message":"Success","data":{"gmtFirstInviteDate":null,"gmtModifyDate":null,"firstInviteReward":null,"inviteAmount":0,"totalAmount":192030,"currentAmount":192030,"rank":20076467,"userLevel":2,"userId":"1829869555475451904","levelInfo":{"rankName":"NewBie","level":0}}}
200 {"code":0,"message":"Success","data":{"specialBoxLeftRecoveryCount":3,"coinPoolLeftRecoveryCount":2,"singleCoinValue":1,"singleCoinLevel":0,"singleCoinUpgradeCost":200,"coinPoolRecoverySpeed":2,"coinPoolRecoveryLevel":0,"coinPoolRecoveryUpgradeCost":200,"coinPoolTotalCount":4000,"coinPoolTotalLevel":0,"coinPoolTotalUpgradeCost":200,"swipeBotSpeedValue":"0","swipeBotLevel":0,"swipeBotUpgradeCost":500000,"openSwipeBot":false,"swipeBotModifyDate":null,"recoveryModifyDate":"2024-09-23"}}
200 {"code":0,"message":"Success","data":{"singleCoinValue":1,"coinPoolTotalCount":4000,"coinPoolLeftCount":4000,"coinPoolRecoverySpeed":2,"lastTimeStamp":1727107326}}
200 {"code":0,"message":"Success","data":{"collectAmount":3355,"collectStatus":true,"currentAmount":195385,"totalAmount":195385}}
200 {"code":0,"message":"Success","data":{"gmtFirstInviteDate":null,"gmtModifyDate":null,"firstInviteReward":null,"inviteAmount":0,"totalAmount":195385,"currentAmount":195385,"rank":20076467,"userLevel":2,"userId":"1829869555475451904","levelInfo":{"rankName":"NewBie","level":0}}}
200 {"code":0,"message":"Success","data":{"specialBoxLeftRecoveryCount":3,"coinPoolLeftRecoveryCount":2,"singleCoinValue":1,"singleCoinLevel":0,"singleCoinUpgradeCost":200,"coinPoolRecoverySpeed":2,"coinPoolRecoveryLevel":0,"coinPoolRecoveryUpgradeCost":200,"coinPoolTotalCount":4000,"coinPoolTotalLevel":0,"coinPoolTotalUpgradeCost":200,"swipeBotSpeedValue":"0","swipeBotLevel":0,"swipeBotUpgradeCost":500000,"openSwipeBot":false,"swipeBotModifyDate":null,"recoveryModifyDate":"2024-09-23"}}
200 {"code":0,"message":"Success","data":{"singleCoinValue":1,"coinPoolTotalCount":4000,"coinPoolLeftCount":655,"coinPoolRecoverySpeed":2,"lastTimeStamp":1727107331}}
200 {"code":0,"message":"Success","data":true}
200 {"code":0,"message":"Success","data":{"gmtFirstInviteDate":null,"gmtModifyDate":null,"firstInviteReward":null,"inviteAmount":0,"totalAmount":195385,"currentAmount":195385,"rank":20076467,"userLevel":2,"userId":"1829869555475451904","levelInfo":{"rankName":"NewBie","level":0}}}
200 {"code":0,"message":"Success","data":{"specialBoxLeftRecoveryCount":3,"coinPoolLeftRecoveryCount":1,"singleCoinValue":1,"singleCoinLevel":0,"singleCoinUpgradeCost":200,"coinPoolRecoverySpeed":2,"coinPoolRecoveryLevel":0,"coinPoolRecoveryUpgradeCost":200,"coinPoolTotalCount":4000,"coinPoolTotalLevel":0,"coinPoolTotalUpgradeCost":200,"swipeBotSpeedValue":"0","swipeBotLevel":0,"swipeBotUpgradeCost":500000,"openSwipeBot":false,"swipeBotModifyDate":null,"recoveryModifyDate":"2024-09-23"}}
200 {"code":0,"message":"Success","data":{"singleCoinValue":1,"coinPoolTotalCount":4000,"coinPoolLeftCount":4000,"coinPoolRecoverySpeed":2,"lastTimeStamp":1727107332}}
200 {"code":0,"message":"Success","data":{"collectAmount":3569,"collectStatus":true,"currentAmount":198954,"totalAmount":198954}}
200 {"code":0,"message":"Success","data":{"gmtFirstInviteDate":null,"gmtModifyDate":null,"firstInviteReward":null,"inviteAmount":0,"totalAmount":198954,"currentAmount":198954,"rank":20076467,"userLevel":2,"userId":"1829869555475451904","levelInfo":{"rankName":"NewBie","level":0}}}
200 {"code":0,"message":"Success","data":{"specialBoxLeftRecoveryCount":3,"coinPoolLeftRecoveryCount":1,"singleCoinValue":1,"singleCoinLevel":0,"singleCoinUpgradeCost":200,"coinPoolRecoverySpeed":2,"coinPoolRecoveryLevel":0,"coinPoolRecoveryUpgradeCost":200,"coinPoolTotalCount":4000,"coinPoolTotalLevel":0,"coinPoolTotalUpgradeCost":200,"swipeBotSpeedValue":"0","swipeBotLevel":0,"swipeBotUpgradeCost":500000,"openSwipeBot":false,"swipeBotModifyDate":null,"recoveryModifyDate":"2024-09-23"}}
200 {"code":0,"message":"Success","data":{"singleCoinValue":1,"coinPoolTotalCount":4000,"coinPoolLeftCount":441,"coinPoolRecoverySpeed":2,"lastTimeStamp":1727107338}}
200 {"code":0,"message":"Success","data":true}
200 {"code":0,"message":"Success","data":{"gmtFirstInviteDate":null,"gmtModifyDate":null,"firstInviteReward":null,"inviteAmount":0,"totalAmount":198954,"currentAmount":198954,"rank":20076467,"userLevel":2,"userId":"1829869555475451904","levelInfo":{"rankName":"NewBie","level":0}}}
200 {"code":0,"message":"Success","data":{"specialBoxLeftRecoveryCount":3,"coinPoolLeftRecoveryCount":0,"singleCoinValue":1,"singleCoinLevel":0,"singleCoinUpgradeCost":200,"coinPoolRecoverySpeed":2,"coinPoolRecoveryLevel":0,"coinPoolRecoveryUpgradeCost":200,"coinPoolTotalCount":4000,"coinPoolTotalLevel":0,"coinPoolTotalUpgradeCost":200,"swipeBotSpeedValue":"0","swipeBotLevel":0,"swipeBotUpgradeCost":500000,"openSwipeBot":false,"swipeBotModifyDate":null,"recoveryModifyDate":"2024-09-23"}}
200 {"code":0,"message":"Success","data":{"singleCoinValue":1,"coinPoolTotalCount":4000,"coinPoolLeftCount":4000,"coinPoolRecoverySpeed":2,"lastTimeStamp":1727107340}}
200 {"code":0,"message":"Success","data":{"collectAmount":3095,"collectStatus":true,"currentAmount":202049,"totalAmount":202049}}
200 {"code":0,"message":"Success","data":{"gmtFirstInviteDate":null,"gmtModifyDate":null,"firstInviteReward":null,"inviteAmount":0,"totalAmount":202049,"currentAmount":202049,"rank":20076467,"userLevel":2,"userId":"1829869555475451904","levelInfo":{"rankName":"NewBie","level":0}}}
200 {"code":0,"message":"Success","data":{"specialBoxLeftRecoveryCount":3,"coinPoolLeftRecoveryCount":0,"singleCoinValue":1,"singleCoinLevel":0,"singleCoinUpgradeCost":200,"coinPoolRecoverySpeed":2,"coinPoolRecoveryLevel":0,"coinPoolRecoveryUpgradeCost":200,"coinPoolTotalCount":4000,"coinPoolTotalLevel":0,"coinPoolTotalUpgradeCost":200,"swipeBotSpeedValue":"0","swipeBotLevel":0,"swipeBotUpgradeCost":500000,"openSwipeBot":false,"swipeBotModifyDate":null,"recoveryModifyDate":"2024-09-23"}}
200 {"code":0,"message":"Success","data":{"singleCoinValue":1,"coinPoolTotalCount":4000,"coinPoolLeftCount":915,"coinPoolRecoverySpeed":2,"lastTimeStamp":1727107345}}
200 {"code":0,"message":"Success","data":true}
200 {"code":0,"message":"Success","data":{"autoBox":null,"recoveryBox":{"singleCoinValue":2,"specialBoxTotalCount":210,"boxType":2,"boxStatus":true}}}
200 {"code":0,"message":"Success","data":{"collectAmount":322,"collectStatus":true,"currentAmount":null,"totalAmount":null}}
200 {"code":0,"message":"Success","data":{"gmtFirstInviteDate":null,"gmtModifyDate":null,"firstInviteReward":null,"inviteAmount":0,"totalAmount":202371,"currentAmount":202371,"rank":20076467,"userLevel":2,"userId":"1829869555475451904","levelInfo":{"rankName":"NewBie","level":0}}}
200 {"code":0,"message":"Success","data":{"specialBoxLeftRecoveryCount":2,"coinPoolLeftRecoveryCount":0,"singleCoinValue":1,"singleCoinLevel":0,"singleCoinUpgradeCost":200,"coinPoolRecoverySpeed":2,"coinPoolRecoveryLevel":0,"coinPoolRecoveryUpgradeCost":200,"coinPoolTotalCount":4000,"coinPoolTotalLevel":0,"coinPoolTotalUpgradeCost":200,"swipeBotSpeedValue":"0","swipeBotLevel":0,"swipeBotUpgradeCost":500000,"openSwipeBot":false,"swipeBotModifyDate":null,"recoveryModifyDate":"2024-09-23"}}
200 {"code":0,"message":"Success","data":{"singleCoinValue":1,"coinPoolTotalCount":4000,"coinPoolLeftCount":979,"coinPoolRecoverySpeed":2,"lastTimeStamp":1727107377}}
200 {"code":0,"message":"Success","data":true}
200 {"code":0,"message":"Success","data":{"autoBox":{"singleCoinValue":2,"specialBoxTotalCount":210,"boxType":1,"boxStatus":true,"startTime":1727107345},"recoveryBox":{"singleCoinValue":2,"specialBoxTotalCount":210,"boxType":2,"boxStatus":true}}}
200 {"code":0,"message":"Success","data":{"collectAmount":292,"collectStatus":true,"currentAmount":null,"totalAmount":null}}
200 {"code":0,"message":"Success","data":{"gmtFirstInviteDate":null,"gmtModifyDate":null,"firstInviteReward":null,"inviteAmount":0,"totalAmount":202663,"currentAmount":202663,"rank":19000805,"userLevel":2,"userId":"1829869555475451904","levelInfo":{"rankName":"NewBie","level":0}}}
200 {"code":0,"message":"Success","data":{"specialBoxLeftRecoveryCount":1,"coinPoolLeftRecoveryCount":0,"singleCoinValue":1,"singleCoinLevel":0,"singleCoinUpgradeCost":200,"coinPoolRecoverySpeed":2,"coinPoolRecoveryLevel":0,"coinPoolRecoveryUpgradeCost":200,"coinPoolTotalCount":4000,"coinPoolTotalLevel":0,"coinPoolTotalUpgradeCost":200,"swipeBotSpeedValue":"0","swipeBotLevel":0,"swipeBotUpgradeCost":500000,"openSwipeBot":false,"swipeBotModifyDate":null,"recoveryModifyDate":"2024-09-23"}}
200 {"code":0,"message":"Success","data":{"singleCoinValue":1,"coinPoolTotalCount":4000,"coinPoolLeftCount":1043,"coinPoolRecoverySpeed":2,"lastTimeStamp":1727107409}}
200 {"code":0,"message":"Success","data":true}
200 {"code":0,"message":"Success","data":{"autoBox":{"singleCoinValue":2,"specialBoxTotalCount":210,"boxType":1,"boxStatus":true,"startTime":1727107345},"recoveryBox":{"singleCoinValue":2,"specialBoxTotalCount":210,"boxType":2,"boxStatus":true}}}
200 {"code":0,"message":"Success","data":{"collectAmount":410,"collectStatus":true,"currentAmount":null,"totalAmount":null}}
200 {"code":0,"message":"Success","data":{"gmtFirstInviteDate":null,"gmtModifyDate":null,"firstInviteReward":null,"inviteAmount":0,"totalAmount":203073,"currentAmount":203073,"rank":19000805,"userLevel":2,"userId":"1829869555475451904","levelInfo":{"rankName":"NewBie","level":0}}}
200 {"code":0,"message":"Success","data":{"specialBoxLeftRecoveryCount":0,"coinPoolLeftRecoveryCount":0,"singleCoinValue":1,"singleCoinLevel":0,"singleCoinUpgradeCost":200,"coinPoolRecoverySpeed":2,"coinPoolRecoveryLevel":0,"coinPoolRecoveryUpgradeCost":200,"coinPoolTotalCount":4000,"coinPoolTotalLevel":0,"coinPoolTotalUpgradeCost":200,"swipeBotSpeedValue":"0","swipeBotLevel":0,"swipeBotUpgradeCost":500000,"openSwipeBot":false,"swipeBotModifyDate":null,"recoveryModifyDate":"2024-09-23"}}
200 {"code":0,"message":"Success","data":{"singleCoinValue":1,"coinPoolTotalCount":4000,"coinPoolLeftCount":1107,"coinPoolRecoverySpeed":2,"lastTimeStamp":1727107441}}
200 {"code":0,"message":"Success","data":{"gmtFirstInviteDate":null,"gmtModifyDate":null,"firstInviteReward":null,"inviteAmount":0,"totalAmount":203073,"currentAmount":203073,"rank":19000805,"userLevel":2,"userId":"1829869555475451904","levelInfo":{"rankName":"NewBie","level":0}}}
200 {"code":0,"message":"Success","data":{"specialBoxLeftRecoveryCount":0,"coinPoolLeftRecoveryCount":0,"singleCoinValue":1,"singleCoinLevel":0,"singleCoinUpgradeCost":200,"coinPoolRecoverySpeed":2,"coinPoolRecoveryLevel":0,"coinPoolRecoveryUpgradeCost":200,"coinPoolTotalCount":4000,"coinPoolTotalLevel":0,"coinPoolTotalUpgradeCost":200,"swipeBotSpeedValue":"0","swipeBotLevel":0,"swipeBotUpgradeCost":500000,"openSwipeBot":false,"swipeBotModifyDate":null,"recoveryModifyDate":"2024-09-23"}}
200 {"code":0,"message":"Success","data":{"gmtFirstInviteDate":null,"gmtModifyDate":null,"firstInviteReward":null,"inviteAmount":0,"totalAmount":201552,"currentAmount":201552,"rank":19028619,"userLevel":2,"userId":"1829869555475451904","levelInfo":{"rankName":"NewBie","level":0}}}
200 {"code":0,"message":"Success","data":{"specialBoxLeftRecoveryCount":0,"coinPoolLeftRecoveryCount":0,"singleCoinValue":1,"singleCoinLevel":0,"singleCoinUpgradeCost":200,"coinPoolRecoverySpeed":2,"coinPoolRecoveryLevel":0,"coinPoolRecoveryUpgradeCost":200,"coinPoolTotalCount":4000,"coinPoolTotalLevel":0,"coinPoolTotalUpgradeCost":200,"swipeBotSpeedValue":"0","swipeBotLevel":0,"swipeBotUpgradeCost":500000,"openSwipeBot":false,"swipeBotModifyDate":null,"recoveryModifyDate":"2024-09-23"}}
200 {"code":0,"message":"Success","data":{"singleCoinValue":1,"coinPoolTotalCount":4000,"coinPoolLeftCount":4000,"coinPoolRecoverySpeed":2,"lastTimeStamp":1727109804}}
200 {"code":0,"message":"Success","data":{"collectAmount":367,"collectStatus":true,"currentAmount":201919,"totalAmount":201919}}
200 {"code":0,"message":"Success","data":{"gmtFirstInviteDate":null,"gmtModifyDate":null,"firstInviteReward":null,"inviteAmount":0,"totalAmount":201919,"currentAmount":201919,"rank":19028619,"userLevel":2,"userId":"1829869555475451904","levelInfo":{"rankName":"NewBie","level":0}}}
200 {"code":0,"message":"Success","data":{"specialBoxLeftRecoveryCount":0,"coinPoolLeftRecoveryCount":0,"singleCoinValue":1,"singleCoinLevel":0,"singleCoinUpgradeCost":200,"coinPoolRecoverySpeed":2,"coinPoolRecoveryLevel":0,"coinPoolRecoveryUpgradeCost":200,"coinPoolTotalCount":4000,"coinPoolTotalLevel":0,"coinPoolTotalUpgradeCost":200,"swipeBotSpeedValue":"0","swipeBotLevel":0,"swipeBotUpgradeCost":500000,"openSwipeBot":false,"swipeBotModifyDate":null,"recoveryModifyDate":"2024-09-23"}}
200 {"code":0,"message":"Success","data":{"singleCoinValue":1,"coinPoolTotalCount":4000,"coinPoolLeftCount":3733,"coinPoolRecoverySpeed":2,"lastTimeStamp":1727109855}}
200 {"code":0,"message":"Success","data":{"collectAmount":311,"collectStatus":true,"currentAmount":202230,"totalAmount":202230}}
200 {"code":0,"message":"Success","data":{"gmtFirstInviteDate":null,"gmtModifyDate":null,"firstInviteReward":null,"inviteAmount":0,"totalAmount":202230,"currentAmount":202230,"rank":19028619,"userLevel":2,"userId":"1829869555475451904","levelInfo":{"rankName":"NewBie","level":0}}}
200 {"code":0,"message":"Success","data":{"specialBoxLeftRecoveryCount":0,"coinPoolLeftRecoveryCount":0,"singleCoinValue":1,"singleCoinLevel":0,"singleCoinUpgradeCost":200,"coinPoolRecoverySpeed":2,"coinPoolRecoveryLevel":0,"coinPoolRecoveryUpgradeCost":200,"coinPoolTotalCount":4000,"coinPoolTotalLevel":0,"coinPoolTotalUpgradeCost":200,"swipeBotSpeedValue":"0","swipeBotLevel":0,"swipeBotUpgradeCost":500000,"openSwipeBot":false,"swipeBotModifyDate":null,"recoveryModifyDate":"2024-09-23"}}
200 {"code":0,"message":"Success","data":{"singleCoinValue":1,"coinPoolTotalCount":4000,"coinPoolLeftCount":3532,"coinPoolRecoverySpeed":2,"lastTimeStamp":1727109910}}
200 {"code":0,"message":"Success","data":{"gmtFirstInviteDate":null,"gmtModifyDate":null,"firstInviteReward":null,"inviteAmount":0,"totalAmount":202549,"currentAmount":202549,"rank":19028619,"userLevel":2,"userId":"1829869555475451904","levelInfo":{"rankName":"NewBie","level":0}}}
200 {"code":0,"message":"Success","data":{"specialBoxLeftRecoveryCount":0,"coinPoolLeftRecoveryCount":0,"singleCoinValue":1,"singleCoinLevel":0,"singleCoinUpgradeCost":200,"coinPoolRecoverySpeed":2,"coinPoolRecoveryLevel":0,"coinPoolRecoveryUpgradeCost":200,"coinPoolTotalCount":4000,"coinPoolTotalLevel":0,"coinPoolTotalUpgradeCost":200,"swipeBotSpeedValue":"0","swipeBotLevel":0,"swipeBotUpgradeCost":500000,"openSwipeBot":false,"swipeBotModifyDate":null,"recoveryModifyDate":"2024-09-23"}}
200 {"code":0,"message":"Success","data":{"singleCoinValue":1,"coinPoolTotalCount":4000,"coinPoolLeftCount":3379,"coinPoolRecoverySpeed":2,"lastTimeStamp":1727109993}}
200 {"code":0,"message":"Success","data":{"collectAmount":368,"collectStatus":true,"currentAmount":202917,"totalAmount":202917}}
200 {"code":0,"message":"Success","data":{"gmtFirstInviteDate":null,"gmtModifyDate":null,"firstInviteReward":null,"inviteAmount":0,"totalAmount":202917,"currentAmount":202917,"rank":19028619,"userLevel":2,"userId":"1829869555475451904","levelInfo":{"rankName":"NewBie","level":0}}}
200 {"code":0,"message":"Success","data":{"specialBoxLeftRecoveryCount":0,"coinPoolLeftRecoveryCount":0,"singleCoinValue":1,"singleCoinLevel":0,"singleCoinUpgradeCost":200,"coinPoolRecoverySpeed":2,"coinPoolRecoveryLevel":0,"coinPoolRecoveryUpgradeCost":200,"coinPoolTotalCount":4000,"coinPoolTotalLevel":0,"coinPoolTotalUpgradeCost":200,"swipeBotSpeedValue":"0","swipeBotLevel":0,"swipeBotUpgradeCost":500000,"openSwipeBot":false,"swipeBotModifyDate":null,"recoveryModifyDate":"2024-09-23"}}
200 {"code":0,"message":"Success","data":{"singleCoinValue":1,"coinPoolTotalCount":4000,"coinPoolLeftCount":3507,"coinPoolRecoverySpeed":2,"lastTimeStamp":1727110241}}
200 {"code":0,"message":"Success","data":{"collectAmount":220,"collectStatus":true,"currentAmount":203137,"totalAmount":203137}}
200 {"code":0,"message":"Success","data":{"gmtFirstInviteDate":null,"gmtModifyDate":null,"firstInviteReward":null,"inviteAmount":0,"totalAmount":203137,"currentAmount":203137,"rank":19028619,"userLevel":2,"userId":"1829869555475451904","levelInfo":{"rankName":"NewBie","level":0}}}
200 {"code":0,"message":"Success","data":{"specialBoxLeftRecoveryCount":0,"coinPoolLeftRecoveryCount":0,"singleCoinValue":1,"singleCoinLevel":0,"singleCoinUpgradeCost":200,"coinPoolRecoverySpeed":2,"coinPoolRecoveryLevel":0,"coinPoolRecoveryUpgradeCost":200,"coinPoolTotalCount":4000,"coinPoolTotalLevel":0,"coinPoolTotalUpgradeCost":200,"swipeBotSpeedValue":"0","swipeBotLevel":0,"swipeBotUpgradeCost":500000,"openSwipeBot":false,"swipeBotModifyDate":null,"recoveryModifyDate":"2024-09-23"}}
200 {"code":0,"message":"Success","data":{"singleCoinValue":1,"coinPoolTotalCount":4000,"coinPoolLeftCount":3297,"coinPoolRecoverySpeed":2,"lastTimeStamp":1727110246}}
200 {"code":400037,"message":"get lock failed","data":null}
200 {"code":0,"message":"Success","data":{"gmtFirstInviteDate":null,"gmtModifyDate":null,"firstInviteReward":null,"inviteAmount":0,"totalAmount":203137,"currentAmount":203137,"rank":19028619,"userLevel":2,"userId":"1829869555475451904","levelInfo":{"rankName":"NewBie","level":0}}}
200 {"code":0,"message":"Success","data":{"specialBoxLeftRecoveryCount":0,"coinPoolLeftRecoveryCount":0,"singleCoinValue":1,"singleCoinLevel":0,"singleCoinUpgradeCost":200,"coinPoolRecoverySpeed":2,"coinPoolRecoveryLevel":0,"coinPoolRecoveryUpgradeCost":200,"coinPoolTotalCount":4000,"coinPoolTotalLevel":0,"coinPoolTotalUpgradeCost":200,"swipeBotSpeedValue":"0","swipeBotLevel":0,"swipeBotUpgradeCost":500000,"openSwipeBot":false,"swipeBotModifyDate":null,"recoveryModifyDate":"2024-09-23"}}
200 {"code":0,"message":"Success","data":{"singleCoinValue":1,"coinPoolTotalCount":4000,"coinPoolLeftCount":3305,"coinPoolRecoverySpeed":2,"lastTimeStamp":1727110250}}
200 {"code":0,"message":"Success","data":{"collectAmount":273,"collectStatus":true,"currentAmount":203410,"totalAmount":203410}}
200 {"code":0,"message":"Success","data":{"gmtFirstInviteDate":null,"gmtModifyDate":null,"firstInviteReward":null,"inviteAmount":0,"totalAmount":203410,"currentAmount":203410,"rank":19028619,"userLevel":2,"userId":"1829869555475451904","levelInfo":{"rankName":"NewBie","level":0}}}
200 {"code":0,"message":"Success","data":{"specialBoxLeftRecoveryCount":0,"coinPoolLeftRecoveryCount":0,"singleCoinValue":1,"singleCoinLevel":0,"singleCoinUpgradeCost":200,"coinPoolRecoverySpeed":2,"coinPoolRecoveryLevel":0,"coinPoolRecoveryUpgradeCost":200,"coinPoolTotalCount":4000,"coinPoolTotalLevel":0,"coinPoolTotalUpgradeCost":200,"swipeBotSpeedValue":"0","swipeBotLevel":0,"swipeBotUpgradeCost":500000,"openSwipeBot":false,"swipeBotModifyDate":null,"recoveryModifyDate":"2024-09-23"}}
200 {"code":0,"message":"Success","data":{"singleCoinValue":1,"coinPoolTotalCount":4000,"coinPoolLeftCount":3042,"coinPoolRecoverySpeed":2,"lastTimeStamp":1727110255}}
200 {"code":400037,"message":"get lock failed","data":null}
200 {"code":0,"message":"Success","data":{"gmtFirstInviteDate":null,"gmtModifyDate":null,"firstInviteReward":null,"inviteAmount":0,"totalAmount":203410,"currentAmount":203410,"rank":19028619,"userLevel":2,"userId":"1829869555475451904","levelInfo":{"rankName":"NewBie","level":0}}}
200 {"code":0,"message":"Success","data":{"specialBoxLeftRecoveryCount":0,"coinPoolLeftRecoveryCount":0,"singleCoinValue":1,"singleCoinLevel":0,"singleCoinUpgradeCost":200,"coinPoolRecoverySpeed":2,"coinPoolRecoveryLevel":0,"coinPoolRecoveryUpgradeCost":200,"coinPoolTotalCount":4000,"coinPoolTotalLevel":0,"coinPoolTotalUpgradeCost":200,"swipeBotSpeedValue":"0","swipeBotLevel":0,"swipeBotUpgradeCost":500000,"openSwipeBot":false,"swipeBotModifyDate":null,"recoveryModifyDate":"2024-09-23"}}
200 {"code":0,"message":"Success","data":{"singleCoinValue":1,"coinPoolTotalCount":4000,"coinPoolLeftCount":3050,"coinPoolRecoverySpeed":2,"lastTimeStamp":1727110259}}
200 {"code":0,"message":"Success","data":{"collectAmount":159,"collectStatus":true,"currentAmount":203569,"totalAmount":203569}}
200 {"code":0,"message":"Success","data":{"gmtFirstInviteDate":null,"gmtModifyDate":null,"firstInviteReward":null,"inviteAmount":0,"totalAmount":203569,"currentAmount":203569,"rank":19028619,"userLevel":2,"userId":"1829869555475451904","levelInfo":{"rankName":"NewBie","level":0}}}
200 {"code":0,"message":"Success","data":{"specialBoxLeftRecoveryCount":0,"coinPoolLeftRecoveryCount":0,"singleCoinValue":1,"singleCoinLevel":0,"singleCoinUpgradeCost":200,"coinPoolRecoverySpeed":2,"coinPoolRecoveryLevel":0,"coinPoolRecoveryUpgradeCost":200,"coinPoolTotalCount":4000,"coinPoolTotalLevel":0,"coinPoolTotalUpgradeCost":200,"swipeBotSpeedValue":"0","swipeBotLevel":0,"swipeBotUpgradeCost":500000,"openSwipeBot":false,"swipeBotModifyDate":null,"recoveryModifyDate":"2024-09-23"}}
200 {"code":0,"message":"Success","data":{"singleCoinValue":1,"coinPoolTotalCount":4000,"coinPoolLeftCount":2901,"coinPoolRecoverySpeed":2,"lastTimeStamp":1727110264}}
200 {"code":400037,"message":"get lock failed","data":null}
200 {"code":0,"message":"Success","data":{"gmtFirstInviteDate":null,"gmtModifyDate":null,"firstInviteReward":null,"inviteAmount":0,"totalAmount":203569,"currentAmount":203569,"rank":19028619,"userLevel":2,"userId":"1829869555475451904","levelInfo":{"rankName":"NewBie","level":0}}}
200 {"code":0,"message":"Success","data":{"specialBoxLeftRecoveryCount":0,"coinPoolLeftRecoveryCount":0,"singleCoinValue":1,"singleCoinLevel":0,"singleCoinUpgradeCost":200,"coinPoolRecoverySpeed":2,"coinPoolRecoveryLevel":0,"coinPoolRecoveryUpgradeCost":200,"coinPoolTotalCount":4000,"coinPoolTotalLevel":0,"coinPoolTotalUpgradeCost":200,"swipeBotSpeedValue":"0","swipeBotLevel":0,"swipeBotUpgradeCost":500000,"openSwipeBot":false,"swipeBotModifyDate":null,"recoveryModifyDate":"2024-09-23"}}
200 {"code":0,"message":"Success","data":{"singleCoinValue":1,"coinPoolTotalCount":4000,"coinPoolLeftCount":2909,"coinPoolRecoverySpeed":2,"lastTimeStamp":1727110268}}
200 {"code":0,"message":"Success","data":{"collectAmount":244,"collectStatus":true,"currentAmount":203813,"totalAmount":203813}}
200 {"code":0,"message":"Success","data":{"gmtFirstInviteDate":null,"gmtModifyDate":null,"firstInviteReward":null,"inviteAmount":0,"totalAmount":203813,"currentAmount":203813,"rank":19028619,"userLevel":2,"userId":"1829869555475451904","levelInfo":{"rankName":"NewBie","level":0}}}
200 {"code":0,"message":"Success","data":{"specialBoxLeftRecoveryCount":0,"coinPoolLeftRecoveryCount":0,"singleCoinValue":1,"singleCoinLevel":0,"singleCoinUpgradeCost":200,"coinPoolRecoverySpeed":2,"coinPoolRecoveryLevel":0,"coinPoolRecoveryUpgradeCost":200,"coinPoolTotalCount":4000,"coinPoolTotalLevel":0,"coinPoolTotalUpgradeCost":200,"swipeBotSpeedValue":"0","swipeBotLevel":0,"swipeBotUpgradeCost":500000,"openSwipeBot":false,"swipeBotModifyDate":null,"recoveryModifyDate":"2024-09-23"}}
200 {"code":0,"message":"Success","data":{"singleCoinValue":1,"coinPoolTotalCount":4000,"coinPoolLeftCount":2675,"coinPoolRecoverySpeed":2,"lastTimeStamp":1727110273}}
200 {"code":400037,"message":"get lock failed","data":null}
200 {"code":0,"message":"Success","data":{"gmtFirstInviteDate":null,"gmtModifyDate":null,"firstInviteReward":null,"inviteAmount":0,"totalAmount":203813,"currentAmount":203813,"rank":19028619,"userLevel":2,"userId":"1829869555475451904","levelInfo":{"rankName":"NewBie","level":0}}}
200 {"code":0,"message":"Success","data":{"specialBoxLeftRecoveryCount":0,"coinPoolLeftRecoveryCount":0,"singleCoinValue":1,"singleCoinLevel":0,"singleCoinUpgradeCost":200,"coinPoolRecoverySpeed":2,"coinPoolRecoveryLevel":0,"coinPoolRecoveryUpgradeCost":200,"coinPoolTotalCount":4000,"coinPoolTotalLevel":0,"coinPoolTotalUpgradeCost":200,"swipeBotSpeedValue":"0","swipeBotLevel":0,"swipeBotUpgradeCost":500000,"openSwipeBot":false,"swipeBotModifyDate":null,"recoveryModifyDate":"2024-09-23"}}
200 {"code":0,"message":"Success","data":{"singleCoinValue":1,"coinPoolTotalCount":4000,"coinPoolLeftCount":2683,"coinPoolRecoverySpeed":2,"lastTimeStamp":1727110277}}
200 {"code":0,"message":"Success","data":{"collectAmount":263,"collectStatus":true,"currentAmount":204076,"totalAmount":204076}}
200 {"code":0,"message":"Success","data":{"gmtFirstInviteDate":null,"gmtModifyDate":null,"firstInviteReward":null,"inviteAmount":0,"totalAmount":204076,"currentAmount":204076,"rank":19028619,"userLevel":2,"userId":"1829869555475451904","levelInfo":{"rankName":"NewBie","level":0}}}
200 {"code":0,"message":"Success","data":{"specialBoxLeftRecoveryCount":0,"coinPoolLeftRecoveryCount":0,"singleCoinValue":1,"singleCoinLevel":0,"singleCoinUpgradeCost":200,"coinPoolRecoverySpeed":2,"coinPoolRecoveryLevel":0,"coinPoolRecoveryUpgradeCost":200,"coinPoolTotalCount":4000,"coinPoolTotalLevel":0,"coinPoolTotalUpgradeCost":200,"swipeBotSpeedValue":"0","swipeBotLevel":0,"swipeBotUpgradeCost":500000,"openSwipeBot":false,"swipeBotModifyDate":null,"recoveryModifyDate":"2024-09-23"}}
200 {"code":0,"message":"Success","data":{"singleCoinValue":1,"coinPoolTotalCount":4000,"coinPoolLeftCount":2432,"coinPoolRecoverySpeed":2,"lastTimeStamp":1727110283}}
200 {"code":0,"message":"Success","data":{"collectAmount":286,"collectStatus":true,"currentAmount":204362,"totalAmount":204362}}
200 {"code":0,"message":"Success","data":{"gmtFirstInviteDate":null,"gmtModifyDate":null,"firstInviteReward":null,"inviteAmount":0,"totalAmount":204362,"currentAmount":204362,"rank":19028619,"userLevel":2,"userId":"1829869555475451904","levelInfo":{"rankName":"NewBie","level":0}}}
200 {"code":0,"message":"Success","data":{"specialBoxLeftRecoveryCount":0,"coinPoolLeftRecoveryCount":0,"singleCoinValue":1,"singleCoinLevel":0,"singleCoinUpgradeCost":200,"coinPoolRecoverySpeed":2,"coinPoolRecoveryLevel":0,"coinPoolRecoveryUpgradeCost":200,"coinPoolTotalCount":4000,"coinPoolTotalLevel":0,"coinPoolTotalUpgradeCost":200,"swipeBotSpeedValue":"0","swipeBotLevel":0,"swipeBotUpgradeCost":500000,"openSwipeBot":false,"swipeBotModifyDate":null,"recoveryModifyDate":"2024-09-23"}}
200 {"code":0,"message":"Success","data":{"singleCoinValue":1,"coinPoolTotalCount":4000,"coinPoolLeftCount":2154,"coinPoolRecoverySpeed":2,"lastTimeStamp":1727110287}}
200 {"code":400037,"message":"get lock failed","data":null}
200 {"code":0,"message":"Success","data":{"gmtFirstInviteDate":null,"gmtModifyDate":null,"firstInviteReward":null,"inviteAmount":0,"totalAmount":204362,"currentAmount":204362,"rank":19028619,"userLevel":2,"userId":"1829869555475451904","levelInfo":{"rankName":"NewBie","level":0}}}
200 {"code":0,"message":"Success","data":{"specialBoxLeftRecoveryCount":0,"coinPoolLeftRecoveryCount":0,"singleCoinValue":1,"singleCoinLevel":0,"singleCoinUpgradeCost":200,"coinPoolRecoverySpeed":2,"coinPoolRecoveryLevel":0,"coinPoolRecoveryUpgradeCost":200,"coinPoolTotalCount":4000,"coinPoolTotalLevel":0,"coinPoolTotalUpgradeCost":200,"swipeBotSpeedValue":"0","swipeBotLevel":0,"swipeBotUpgradeCost":500000,"openSwipeBot":false,"swipeBotModifyDate":null,"recoveryModifyDate":"2024-09-23"}}
200 {"code":0,"message":"Success","data":{"singleCoinValue":1,"coinPoolTotalCount":4000,"coinPoolLeftCount":2162,"coinPoolRecoverySpeed":2,"lastTimeStamp":1727110291}}
200 {"code":0,"message":"Success","data":{"collectAmount":134,"collectStatus":true,"currentAmount":204496,"totalAmount":204496}}
200 {"code":0,"message":"Success","data":{"gmtFirstInviteDate":null,"gmtModifyDate":null,"firstInviteReward":null,"inviteAmount":0,"totalAmount":204496,"currentAmount":204496,"rank":19028619,"userLevel":2,"userId":"1829869555475451904","levelInfo":{"rankName":"NewBie","level":0}}}
200 {"code":0,"message":"Success","data":{"specialBoxLeftRecoveryCount":0,"coinPoolLeftRecoveryCount":0,"singleCoinValue":1,"singleCoinLevel":0,"singleCoinUpgradeCost":200,"coinPoolRecoverySpeed":2,"coinPoolRecoveryLevel":0,"coinPoolRecoveryUpgradeCost":200,"coinPoolTotalCount":4000,"coinPoolTotalLevel":0,"coinPoolTotalUpgradeCost":200,"swipeBotSpeedValue":"0","swipeBotLevel":0,"swipeBotUpgradeCost":500000,"openSwipeBot":false,"swipeBotModifyDate":null,"recoveryModifyDate":"2024-09-23"}}
200 {"code":0,"message":"Success","data":{"singleCoinValue":1,"coinPoolTotalCount":4000,"coinPoolLeftCount":2094,"coinPoolRecoverySpeed":2,"lastTimeStamp":1727110324}}
200 {"code":0,"message":"Success","data":{"gmtFirstInviteDate":null,"gmtModifyDate":null,"firstInviteReward":null,"inviteAmount":0,"totalAmount":204496,"currentAmount":204496,"rank":19028619,"userLevel":2,"userId":"1829869555475451904","levelInfo":{"rankName":"NewBie","level":0}}}
200 {"code":0,"message":"Success","data":{"specialBoxLeftRecoveryCount":0,"coinPoolLeftRecoveryCount":0,"singleCoinValue":1,"singleCoinLevel":0,"singleCoinUpgradeCost":200,"coinPoolRecoverySpeed":2,"coinPoolRecoveryLevel":0,"coinPoolRecoveryUpgradeCost":200,"coinPoolTotalCount":4000,"coinPoolTotalLevel":0,"coinPoolTotalUpgradeCost":200,"swipeBotSpeedValue":"0","swipeBotLevel":0,"swipeBotUpgradeCost":500000,"openSwipeBot":false,"swipeBotModifyDate":null,"recoveryModifyDate":"2024-09-23"}}
200 {"code":0,"message":"Success","data":true}
200 {"code":0,"message":"Success","data":false}
200 {"code":0,"message":"Success","data":false}
200 {"code":0,"message":"Success","data":{"gmtFirstInviteDate":null,"gmtModifyDate":null,"firstInviteReward":null,"inviteAmount":0,"totalAmount":204496,"currentAmount":204296,"rank":19026006,"userLevel":2,"userId":"1829869555475451904","levelInfo":{"rankName":"NewBie","level":0}}}
200 {"code":0,"message":"Success","data":{"specialBoxLeftRecoveryCount":0,"coinPoolLeftRecoveryCount":0,"singleCoinValue":2,"singleCoinLevel":1,"singleCoinUpgradeCost":500,"coinPoolRecoverySpeed":2,"coinPoolRecoveryLevel":0,"coinPoolRecoveryUpgradeCost":200,"coinPoolTotalCount":4000,"coinPoolTotalLevel":0,"coinPoolTotalUpgradeCost":200,"swipeBotSpeedValue":"0","swipeBotLevel":0,"swipeBotUpgradeCost":500000,"openSwipeBot":false,"swipeBotModifyDate":null,"recoveryModifyDate":"2024-09-23"}}
200 {"code":0,"message":"Success","data":{"singleCoinValue":2,"coinPoolTotalCount":4000,"coinPoolLeftCount":2700,"coinPoolRecoverySpeed":2,"lastTimeStamp":1727110627}}
200 {"code":0,"message":"Success","data":{"gmtFirstInviteDate":null,"gmtModifyDate":null,"firstInviteReward":null,"inviteAmount":0,"totalAmount":204496,"currentAmount":204296,"rank":19026006,"userLevel":2,"userId":"1829869555475451904","levelInfo":{"rankName":"NewBie","level":0}}}
200 {"code":0,"message":"Success","data":{"specialBoxLeftRecoveryCount":0,"coinPoolLeftRecoveryCount":0,"singleCoinValue":2,"singleCoinLevel":1,"singleCoinUpgradeCost":500,"coinPoolRecoverySpeed":2,"coinPoolRecoveryLevel":0,"coinPoolRecoveryUpgradeCost":200,"coinPoolTotalCount":4000,"coinPoolTotalLevel":0,"coinPoolTotalUpgradeCost":200,"swipeBotSpeedValue":"0","swipeBotLevel":0,"swipeBotUpgradeCost":500000,"openSwipeBot":false,"swipeBotModifyDate":null,"recoveryModifyDate":"2024-09-23"}}
200 {"code":0,"message":"Success","data":true}
200 {"code":0,"message":"Success","data":false}
200 {"code":0,"message":"Success","data":false}
